<?xml version="1.0" encoding="UTF-8"?>
<!-- Generated by org.testng.reporters.JUnitReportReporter -->
<testsuite skipped="0" hostname="DESKTOP-C5HQ12V" name="com.gitBash.GitBash2Test" tests="1" failures="0" timestamp="01 Jun 2022 08:00:17 GMT" time="0.006" errors="0">
  <testcase name="gitBash2Test" time="0.006" classname="com.gitBash.GitBash2Test"/>
</testsuite> <!-- com.gitBash.GitBash2Test -->
