<?xml version="1.0" encoding="UTF-8"?>
<!-- Generated by org.testng.reporters.JUnitReportReporter -->
<testsuite skipped="0" hostname="DESKTOP-C5HQ12V" name="com.gitBash.GitBash1Test" tests="1" failures="0" timestamp="01 Jun 2022 08:00:17 GMT" time="0.171" errors="0">
  <testcase name="gitBash1Test" time="0.171" classname="com.gitBash.GitBash1Test"/>
</testsuite> <!-- com.gitBash.GitBash1Test -->
